ERROR 2026-04-08 18:41:42 stores.services add_domain:206 - Error adding domain 'myshop.com' to store 'Test Store' (id: 26): duplicate key value violates unique constraint "stores_storedomain_domain_key"
DETAIL:  Key (domain)=(myshop.com) already exists.

ERROR 2026-04-08 18:46:35 stores.services add_domain:206 - Error adding domain 'myshop.com' to store 'Test Store' (id: 80): duplicate key value violates unique constraint "stores_storedomain_domain_key"
DETAIL:  Key (domain)=(myshop.com) already exists.

ERROR 2026-04-08 18:51:53 stores.services add_domain:206 - Error adding domain 'myshop.com' to store 'Test Store' (id: 26): duplicate key value violates unique constraint "stores_storedomain_domain_key"
DETAIL:  Key (domain)=(myshop.com) already exists.

ERROR 2026-04-08 18:58:04 stores.services add_domain:206 - Error adding domain 'myshop.com' to store 'Test Store' (id: 80): duplicate key value violates unique constraint "stores_storedomain_domain_key"
DETAIL:  Key (domain)=(myshop.com) already exists.

ERROR 2026-04-08 19:03:23 stores.services add_domain:206 - Error adding domain 'myshop.com' to store 'Test Store' (id: 80): duplicate key value violates unique constraint "stores_storedomain_domain_key"
DETAIL:  Key (domain)=(myshop.com) already exists.

ERROR 2026-04-08 19:42:47 stores.services add_domain:206 - Error adding domain 'myshop.com' to store 'Test Store' (id: 80): duplicate key value violates unique constraint "stores_storedomain_domain_key"
DETAIL:  Key (domain)=(myshop.com) already exists.

ERROR 2026-04-08 19:48:05 stores.services add_domain:206 - Error adding domain 'myshop.com' to store 'Test Store' (id: 80): duplicate key value violates unique constraint "stores_storedomain_domain_key"
DETAIL:  Key (domain)=(myshop.com) already exists.

ERROR 2026-04-10 05:17:47 django.request log_message:249 - Internal Server Error: /api/auth/register
Traceback (most recent call last):
  File "C:\Users\LENOVO\Desktop\ai_store_creation\.venv\Lib\site-packages\django\core\handlers\exception.py", line 55, in inner
    response = get_response(request)
               ^^^^^^^^^^^^^^^^^^^^^
  File "C:\Users\LENOVO\Desktop\ai_store_creation\.venv\Lib\site-packages\django\utils\deprecation.py", line 311, in __call__
    response = self.process_response(request, response)
               ^^^^^^^^^^^^^^^^^^^^^^^^^^^^^^^^^^^^^^^^
  File "C:\Users\LENOVO\Desktop\ai_store_creation\.venv\Lib\site-packages\django\middleware\common.py", line 109, in process_response
    self.get_full_path_with_slash(request)
  File "C:\Users\LENOVO\Desktop\ai_store_creation\.venv\Lib\site-packages\django\middleware\common.py", line 87, in get_full_path_with_slash
    raise RuntimeError(
RuntimeError: You called this URL via POST, but the URL doesn't end in a slash and you have APPEND_SLASH set. Django can't redirect to the slash URL while maintaining POST data. Change your form to point to localhost:8000/api/auth/register/ (note the trailing slash), or set APPEND_SLASH=False in your Django settings.
ERROR 2026-04-10 05:17:47 django.server log_message:249 - "POST /api/auth/register HTTP/1.1" 500 87726
ERROR 2026-04-10 05:19:16 django.request log_message:249 - Internal Server Error: /api/auth/register
Traceback (most recent call last):
  File "C:\Users\LENOVO\Desktop\ai_store_creation\.venv\Lib\site-packages\django\core\handlers\exception.py", line 55, in inner
    response = get_response(request)
               ^^^^^^^^^^^^^^^^^^^^^
  File "C:\Users\LENOVO\Desktop\ai_store_creation\.venv\Lib\site-packages\django\utils\deprecation.py", line 311, in __call__
    response = self.process_response(request, response)
               ^^^^^^^^^^^^^^^^^^^^^^^^^^^^^^^^^^^^^^^^
  File "C:\Users\LENOVO\Desktop\ai_store_creation\.venv\Lib\site-packages\django\middleware\common.py", line 109, in process_response
    self.get_full_path_with_slash(request)
  File "C:\Users\LENOVO\Desktop\ai_store_creation\.venv\Lib\site-packages\django\middleware\common.py", line 87, in get_full_path_with_slash
    raise RuntimeError(
RuntimeError: You called this URL via POST, but the URL doesn't end in a slash and you have APPEND_SLASH set. Django can't redirect to the slash URL while maintaining POST data. Change your form to point to localhost:8000/api/auth/register/ (note the trailing slash), or set APPEND_SLASH=False in your Django settings.
ERROR 2026-04-10 05:19:16 django.server log_message:249 - "POST /api/auth/register HTTP/1.1" 500 87726
ERROR 2026-04-10 05:19:38 django.request log_message:249 - Internal Server Error: /api/auth/register
Traceback (most recent call last):
  File "C:\Users\LENOVO\Desktop\ai_store_creation\.venv\Lib\site-packages\django\core\handlers\exception.py", line 55, in inner
    response = get_response(request)
               ^^^^^^^^^^^^^^^^^^^^^
  File "C:\Users\LENOVO\Desktop\ai_store_creation\.venv\Lib\site-packages\django\utils\deprecation.py", line 311, in __call__
    response = self.process_response(request, response)
               ^^^^^^^^^^^^^^^^^^^^^^^^^^^^^^^^^^^^^^^^
  File "C:\Users\LENOVO\Desktop\ai_store_creation\.venv\Lib\site-packages\django\middleware\common.py", line 109, in process_response
    self.get_full_path_with_slash(request)
  File "C:\Users\LENOVO\Desktop\ai_store_creation\.venv\Lib\site-packages\django\middleware\common.py", line 87, in get_full_path_with_slash
    raise RuntimeError(
RuntimeError: You called this URL via POST, but the URL doesn't end in a slash and you have APPEND_SLASH set. Django can't redirect to the slash URL while maintaining POST data. Change your form to point to localhost:8000/api/auth/register/ (note the trailing slash), or set APPEND_SLASH=False in your Django settings.
ERROR 2026-04-10 05:19:38 django.server log_message:249 - "POST /api/auth/register HTTP/1.1" 500 87726
ERROR 2026-04-10 05:20:19 django.request log_message:249 - Internal Server Error: /api/auth/register
Traceback (most recent call last):
  File "C:\Users\LENOVO\Desktop\ai_store_creation\.venv\Lib\site-packages\django\core\handlers\exception.py", line 55, in inner
    response = get_response(request)
               ^^^^^^^^^^^^^^^^^^^^^
  File "C:\Users\LENOVO\Desktop\ai_store_creation\.venv\Lib\site-packages\django\utils\deprecation.py", line 311, in __call__
    response = self.process_response(request, response)
               ^^^^^^^^^^^^^^^^^^^^^^^^^^^^^^^^^^^^^^^^
  File "C:\Users\LENOVO\Desktop\ai_store_creation\.venv\Lib\site-packages\django\middleware\common.py", line 109, in process_response
    self.get_full_path_with_slash(request)
  File "C:\Users\LENOVO\Desktop\ai_store_creation\.venv\Lib\site-packages\django\middleware\common.py", line 87, in get_full_path_with_slash
    raise RuntimeError(
RuntimeError: You called this URL via POST, but the URL doesn't end in a slash and you have APPEND_SLASH set. Django can't redirect to the slash URL while maintaining POST data. Change your form to point to localhost:8000/api/auth/register/ (note the trailing slash), or set APPEND_SLASH=False in your Django settings.
ERROR 2026-04-10 05:20:19 django.server log_message:249 - "POST /api/auth/register HTTP/1.1" 500 87726
ERROR 2026-04-10 05:21:34 django.request log_message:249 - Internal Server Error: /api/auth/register
Traceback (most recent call last):
  File "C:\Users\LENOVO\Desktop\ai_store_creation\.venv\Lib\site-packages\django\core\handlers\exception.py", line 55, in inner
    response = get_response(request)
               ^^^^^^^^^^^^^^^^^^^^^
  File "C:\Users\LENOVO\Desktop\ai_store_creation\.venv\Lib\site-packages\django\utils\deprecation.py", line 311, in __call__
    response = self.process_response(request, response)
               ^^^^^^^^^^^^^^^^^^^^^^^^^^^^^^^^^^^^^^^^
  File "C:\Users\LENOVO\Desktop\ai_store_creation\.venv\Lib\site-packages\django\middleware\common.py", line 109, in process_response
    self.get_full_path_with_slash(request)
  File "C:\Users\LENOVO\Desktop\ai_store_creation\.venv\Lib\site-packages\django\middleware\common.py", line 87, in get_full_path_with_slash
    raise RuntimeError(
RuntimeError: You called this URL via POST, but the URL doesn't end in a slash and you have APPEND_SLASH set. Django can't redirect to the slash URL while maintaining POST data. Change your form to point to localhost:8000/api/auth/register/ (note the trailing slash), or set APPEND_SLASH=False in your Django settings.
ERROR 2026-04-10 05:21:34 django.server log_message:249 - "POST /api/auth/register HTTP/1.1" 500 87726
ERROR 2026-04-10 05:28:11 django.request log_message:249 - Internal Server Error: /api/auth/login
Traceback (most recent call last):
  File "C:\Users\LENOVO\Desktop\ai_store_creation\.venv\Lib\site-packages\django\core\handlers\exception.py", line 55, in inner
    response = get_response(request)
               ^^^^^^^^^^^^^^^^^^^^^
  File "C:\Users\LENOVO\Desktop\ai_store_creation\.venv\Lib\site-packages\django\utils\deprecation.py", line 311, in __call__
    response = self.process_response(request, response)
               ^^^^^^^^^^^^^^^^^^^^^^^^^^^^^^^^^^^^^^^^
  File "C:\Users\LENOVO\Desktop\ai_store_creation\.venv\Lib\site-packages\django\middleware\common.py", line 109, in process_response
    self.get_full_path_with_slash(request)
  File "C:\Users\LENOVO\Desktop\ai_store_creation\.venv\Lib\site-packages\django\middleware\common.py", line 87, in get_full_path_with_slash
    raise RuntimeError(
RuntimeError: You called this URL via POST, but the URL doesn't end in a slash and you have APPEND_SLASH set. Django can't redirect to the slash URL while maintaining POST data. Change your form to point to localhost:8000/api/auth/login/ (note the trailing slash), or set APPEND_SLASH=False in your Django settings.
ERROR 2026-04-10 05:28:11 django.server log_message:249 - "POST /api/auth/login HTTP/1.1" 500 87677
ERROR 2026-04-10 05:29:44 django.request log_message:249 - Internal Server Error: /api/stores
Traceback (most recent call last):
  File "C:\Users\LENOVO\Desktop\ai_store_creation\.venv\Lib\site-packages\django\core\handlers\exception.py", line 55, in inner
    response = get_response(request)
               ^^^^^^^^^^^^^^^^^^^^^
  File "C:\Users\LENOVO\Desktop\ai_store_creation\.venv\Lib\site-packages\django\utils\deprecation.py", line 311, in __call__
    response = self.process_response(request, response)
               ^^^^^^^^^^^^^^^^^^^^^^^^^^^^^^^^^^^^^^^^
  File "C:\Users\LENOVO\Desktop\ai_store_creation\.venv\Lib\site-packages\django\middleware\common.py", line 109, in process_response
    self.get_full_path_with_slash(request)
  File "C:\Users\LENOVO\Desktop\ai_store_creation\.venv\Lib\site-packages\django\middleware\common.py", line 87, in get_full_path_with_slash
    raise RuntimeError(
RuntimeError: You called this URL via POST, but the URL doesn't end in a slash and you have APPEND_SLASH set. Django can't redirect to the slash URL while maintaining POST data. Change your form to point to localhost:8000/api/stores/ (note the trailing slash), or set APPEND_SLASH=False in your Django settings.
ERROR 2026-04-10 05:29:44 django.server log_message:249 - "POST /api/stores HTTP/1.1" 500 87762
ERROR 2026-04-10 05:32:56 django.request log_message:249 - Internal Server Error: /api/stores/slug/check
Traceback (most recent call last):
  File "C:\Users\LENOVO\Desktop\ai_store_creation\.venv\Lib\site-packages\django\core\handlers\exception.py", line 55, in inner
    response = get_response(request)
               ^^^^^^^^^^^^^^^^^^^^^
  File "C:\Users\LENOVO\Desktop\ai_store_creation\.venv\Lib\site-packages\django\utils\deprecation.py", line 311, in __call__
    response = self.process_response(request, response)
               ^^^^^^^^^^^^^^^^^^^^^^^^^^^^^^^^^^^^^^^^
  File "C:\Users\LENOVO\Desktop\ai_store_creation\.venv\Lib\site-packages\django\middleware\common.py", line 109, in process_response
    self.get_full_path_with_slash(request)
  File "C:\Users\LENOVO\Desktop\ai_store_creation\.venv\Lib\site-packages\django\middleware\common.py", line 87, in get_full_path_with_slash
    raise RuntimeError(
RuntimeError: You called this URL via POST, but the URL doesn't end in a slash and you have APPEND_SLASH set. Django can't redirect to the slash URL while maintaining POST data. Change your form to point to localhost:8000/api/stores/slug/check/ (note the trailing slash), or set APPEND_SLASH=False in your Django settings.
ERROR 2026-04-10 05:32:56 django.server log_message:249 - "POST /api/stores/slug/check HTTP/1.1" 500 87937
ERROR 2026-04-10 05:53:59 stores.services add_domain:206 - Error adding domain 'myshop.com' to store 'Test Store' (id: 80): duplicate key value violates unique constraint "stores_storedomain_domain_key"
DETAIL:  Key (domain)=(myshop.com) already exists.

ERROR 2026-04-10 06:07:27 django.request log_message:249 - Internal Server Error: /api/auth/login
Traceback (most recent call last):
  File "C:\Users\LENOVO\Desktop\ai_store_creation\.venv\Lib\site-packages\django\core\handlers\exception.py", line 55, in inner
    response = get_response(request)
               ^^^^^^^^^^^^^^^^^^^^^
  File "C:\Users\LENOVO\Desktop\ai_store_creation\.venv\Lib\site-packages\django\utils\deprecation.py", line 311, in __call__
    response = self.process_response(request, response)
               ^^^^^^^^^^^^^^^^^^^^^^^^^^^^^^^^^^^^^^^^
  File "C:\Users\LENOVO\Desktop\ai_store_creation\.venv\Lib\site-packages\django\middleware\common.py", line 109, in process_response
    self.get_full_path_with_slash(request)
  File "C:\Users\LENOVO\Desktop\ai_store_creation\.venv\Lib\site-packages\django\middleware\common.py", line 87, in get_full_path_with_slash
    raise RuntimeError(
RuntimeError: You called this URL via POST, but the URL doesn't end in a slash and you have APPEND_SLASH set. Django can't redirect to the slash URL while maintaining POST data. Change your form to point to localhost:8000/api/auth/login/ (note the trailing slash), or set APPEND_SLASH=False in your Django settings.
ERROR 2026-04-10 06:07:27 django.server log_message:249 - "POST /api/auth/login HTTP/1.1" 500 87677
